<?xml version="1.0" encoding="UTF-8"?>
<!-- Generated by org.testng.reporters.JUnitReportReporter -->
<testsuite hostname="DESKTOP-C4T3QLF" failures="0" tests="3" name="scrapper.Hypothyroidism" time="856.697" errors="0" timestamp="2023-12-18T21:58:55 EST" skipped="0">
  <testcase classname="scrapper.Hypothyroidism" name="filterRecipes" time="303.578"/>
  <system-out/>
  <testcase classname="scrapper.Hypothyroidism" name="filterRecipesAllergies" time="235.364"/>
  <system-out/>
  <testcase classname="scrapper.Hypothyroidism" name="addRecipes" time="317.755"/>
  <system-out/>
</testsuite> <!-- scrapper.Hypothyroidism -->
