<?xml version="1.0" encoding="UTF-8"?>
<!-- Generated by org.testng.reporters.JUnitReportReporter -->
<testsuite hostname="DESKTOP-C4T3QLF" failures="0" tests="3" name="scrapper.Hypothyroidism" time="1252.935" errors="0" timestamp="2023-12-19T00:14:17 EST" skipped="0">
  <testcase classname="scrapper.Hypothyroidism" name="addRecipes" time="371.864"/>
  <system-out/>
  <testcase classname="scrapper.Hypothyroidism" name="filterRecipes" time="456.364"/>
  <system-out/>
  <testcase classname="scrapper.Hypothyroidism" name="filterRecipesAllergies" time="424.707"/>
  <system-out/>
</testsuite> <!-- scrapper.Hypothyroidism -->
