<?xml version="1.0" encoding="UTF-8"?>
<!-- Generated by org.testng.reporters.JUnitReportReporter -->
<testsuite hostname="DESKTOP-C4T3QLF" failures="0" tests="1" name="scrapper.Hypothyroidism" time="464.231" errors="0" timestamp="2023-12-16T19:30:49 EST" skipped="0">
  <testcase classname="scrapper.Hypothyroidism" name="filterRecipes" time="464.231"/>
  <system-out/>
</testsuite> <!-- scrapper.Hypothyroidism -->
