<?xml version="1.0" encoding="UTF-8"?>
<!-- Generated by org.testng.reporters.JUnitReportReporter -->
<testsuite hostname="DESKTOP-C4T3QLF" failures="0" tests="2" name="scrapper.Hypothyroidism" time="1324.526" errors="0" timestamp="2023-12-18T10:24:43 EST" skipped="0">
  <testcase classname="scrapper.Hypothyroidism" name="filterRecipesAllergies" time="541.409"/>
  <system-out/>
  <testcase classname="scrapper.Hypothyroidism" name="filterRecipes" time="783.117"/>
  <system-out/>
</testsuite> <!-- scrapper.Hypothyroidism -->
