<?xml version="1.0" encoding="UTF-8"?>
<!-- Generated by org.testng.reporters.JUnitReportReporter -->
<testsuite hostname="DESKTOP-C4T3QLF" failures="0" tests="1" name="scrapper.Diabetes" time="235.486" errors="0" timestamp="2023-12-17T00:22:11 EST" skipped="0">
  <testcase classname="scrapper.Diabetes" name="navigateToDiabeticRecipes" time="235.486"/>
  <system-out/>
</testsuite> <!-- scrapper.Diabetes -->
