<?xml version="1.0" encoding="UTF-8"?>
<!-- Generated by org.testng.reporters.JUnitReportReporter -->
<testsuite hostname="DESKTOP-C4T3QLF" failures="0" tests="1" name="scrapper.Hypothyroidism" time="196.908" errors="0" timestamp="2023-12-17T19:43:11 EST" skipped="0">
  <testcase classname="scrapper.Hypothyroidism" name="filterRecipes" time="196.908"/>
  <system-out/>
</testsuite> <!-- scrapper.Hypothyroidism -->
