<?xml version="1.0" encoding="UTF-8"?>
<!-- Generated by org.testng.reporters.JUnitReportReporter -->
<testsuite hostname="DESKTOP-C4T3QLF" failures="0" tests="1" name="scrapper.Diabetes" time="0.000" errors="0" timestamp="2023-12-18T23:51:13 EST" skipped="1">
  <testcase classname="scrapper.Diabetes" name="diabetesRecipes" time="0.000">
    <skipped/>
  </testcase> <!-- diabetesRecipes -->
  <system-out/>
</testsuite> <!-- scrapper.Diabetes -->
