<?xml version="1.0" encoding="UTF-8"?>
<!-- Generated by org.testng.reporters.JUnitReportReporter -->
<testsuite hostname="DESKTOP-C4T3QLF" failures="0" tests="3" name="scrapper.Hypothyroidism" time="873.237" errors="0" timestamp="2023-12-18T12:44:52 EST" skipped="0">
  <testcase classname="scrapper.Hypothyroidism" name="addRecipes" time="304.770"/>
  <system-out/>
  <testcase classname="scrapper.Hypothyroidism" name="filterRecipesAllergies" time="282.392"/>
  <system-out/>
  <testcase classname="scrapper.Hypothyroidism" name="filterRecipes" time="286.075"/>
  <system-out/>
</testsuite> <!-- scrapper.Hypothyroidism -->
