<?xml version="1.0" encoding="UTF-8"?>
<!-- Generated by org.testng.reporters.JUnitReportReporter -->
<testsuite hostname="DESKTOP-C4T3QLF" failures="0" tests="2" name="scrapper.Hypothyroidism" time="648.505" errors="0" timestamp="2023-12-17T22:28:01 EST" skipped="0">
  <testcase classname="scrapper.Hypothyroidism" name="filterRecipesAllergies" time="328.614"/>
  <system-out/>
  <testcase classname="scrapper.Hypothyroidism" name="filterRecipes" time="319.891"/>
  <system-out/>
</testsuite> <!-- scrapper.Hypothyroidism -->
