<?xml version="1.0" encoding="UTF-8"?>
<!-- Generated by org.testng.reporters.JUnitReportReporter -->
<testsuite hostname="DESKTOP-C4T3QLF" failures="0" tests="3" name="scrapper.Hypothyroidism" time="738.451" errors="0" timestamp="2023-12-18T12:15:49 EST" skipped="0">
  <testcase classname="scrapper.Hypothyroidism" name="filterRecipes" time="332.833"/>
  <system-out/>
  <testcase classname="scrapper.Hypothyroidism" name="filterRecipesAllergies" time="280.377"/>
  <system-out/>
  <testcase classname="scrapper.Hypothyroidism" name="addRecipes" time="125.241"/>
  <system-out/>
</testsuite> <!-- scrapper.Hypothyroidism -->
