<?xml version="1.0" encoding="UTF-8"?>
<!-- Generated by org.testng.reporters.JUnitReportReporter -->
<testsuite hostname="DESKTOP-C4T3QLF" failures="0" tests="3" name="scrapper.Hypothyroidism" time="632.317" errors="0" timestamp="2023-12-18T18:29:31 EST" skipped="0">
  <testcase classname="scrapper.Hypothyroidism" name="addRecipes" time="220.601"/>
  <system-out/>
  <testcase classname="scrapper.Hypothyroidism" name="filterRecipesAllergies" time="211.846"/>
  <system-out/>
  <testcase classname="scrapper.Hypothyroidism" name="filterRecipes" time="199.870"/>
  <system-out/>
</testsuite> <!-- scrapper.Hypothyroidism -->
