<?xml version="1.0" encoding="UTF-8"?>
<!-- Generated by org.testng.reporters.JUnitReportReporter -->
<testsuite hostname="DESKTOP-C4T3QLF" failures="0" tests="2" name="scrapper.Hypothyroidism" time="508.545" errors="0" timestamp="2023-12-17T21:23:47 EST" skipped="0">
  <testcase classname="scrapper.Hypothyroidism" name="filterRecipes" time="239.641"/>
  <system-out/>
  <testcase classname="scrapper.Hypothyroidism" name="filterRecipesAllergies" time="268.904"/>
  <system-out/>
</testsuite> <!-- scrapper.Hypothyroidism -->
