<?xml version="1.0" encoding="UTF-8"?>
<!-- Generated by org.testng.reporters.JUnitReportReporter -->
<testsuite hostname="Shaileshs-MBP" failures="0" tests="3" name="scrapper.Hypothyroidism" time="5669.365" errors="0" timestamp="2023-12-18T22:41:52 CST" skipped="0">
  <testcase classname="scrapper.Hypothyroidism" name="filterRecipes" time="1986.388"/>
  <system-out/>
  <testcase classname="scrapper.Hypothyroidism" name="addRecipes" time="1836.073"/>
  <system-out/>
  <testcase classname="scrapper.Hypothyroidism" name="filterRecipesAllergies" time="1846.904"/>
  <system-out/>
</testsuite> <!-- scrapper.Hypothyroidism -->
