<?xml version="1.0" encoding="UTF-8"?>
<!-- Generated by org.testng.reporters.JUnitReportReporter -->
<testsuite hostname="Shaileshs-MBP" failures="0" tests="2" name="scrapper.pcos" time="4839.487" errors="0" timestamp="2023-12-19T13:10:12 CST" skipped="0">
  <testcase classname="scrapper.pcos" name="cgetAllPagesRecipe" time="3889.725"/>
  <system-out/>
  <testcase classname="scrapper.pcos" name="anavigateToPCOS" time="949.762"/>
  <system-out/>
</testsuite> <!-- scrapper.pcos -->
