<?xml version="1.0" encoding="UTF-8"?>
<!-- Generated by org.testng.reporters.JUnitReportReporter -->
<testsuite hostname="Shaileshs-MBP" failures="0" tests="2" name="scrapper.HighBloodPressure" time="3548.063" errors="0" timestamp="2023-12-17T22:39:50 CST" skipped="0">
  <testcase classname="scrapper.HighBloodPressure" name="anavigateToHypertension" time="944.527"/>
  <system-out/>
  <testcase classname="scrapper.HighBloodPressure" name="cgetAllPagesRecipe" time="2603.536"/>
  <system-out/>
</testsuite> <!-- scrapper.HighBloodPressure -->
