<?xml version="1.0" encoding="UTF-8"?>
<!-- Generated by org.testng.reporters.JUnitReportReporter -->
<testsuite hostname="Shaileshs-MBP" failures="0" tests="2" name="scrapper.pcos" time="4926.742" errors="0" timestamp="2023-12-18T18:40:43 CST" skipped="0">
  <testcase classname="scrapper.pcos" name="anavigateToPCOS" time="861.495"/>
  <system-out/>
  <testcase classname="scrapper.pcos" name="cgetAllPagesRecipe" time="4065.247"/>
  <system-out/>
</testsuite> <!-- scrapper.pcos -->
